<?xml version="1.0" encoding="UTF-8"?>
<testsuite xmlns:xsi="http://www.w3.org/2001/XMLSchema-instance" xsi:noNamespaceSchemaLocation="https://maven.apache.org/surefire/maven-surefire-plugin/xsd/surefire-test-report-3.0.xsd" version="3.0" name="shop.productshopclient.ProductShopClientApplicationTests" time="20.61" tests="1" errors="0" skipped="0" failures="0">
  <properties>
[...]
</properties>
  <testcase name="contextLoads" classname="shop.productshopclient.ProductShopClientApplicationTests" time="3.476">
    <system-out><![CDATA[15:01:21.403 [main] INFO org.springframework.test.context.support.AnnotationConfigContextLoaderUtils -- Could not detect default configuration classes for test class [shop.productshopclient.ProductShopClientApplicationTests]: ProductShopClientApplicationTests does not declare any static, non-private, non-final, nested classes annotated with @Configuration.
15:01:22.378 [main] INFO org.springframework.boot.test.context.SpringBootTestContextBootstrapper -- Found @SpringBootConfiguration shop.productshopclient.ProductShopClientApplication for test class shop.productshopclient.ProductShopClientApplicationTests

  .   ____          _            __ _ _
 /\\ / ___'_ __ _ _(_)_ __  __ _ \ \ \ \
( ( )\___ | '_ | '_| | '_ \/ _` | \ \ \ \
 \\/  ___)| |_)| | | | | || (_| |  ) ) ) )
  '  |____| .__|_| |_|_| |_\__, | / / / /
 =========|_|==============|___/=/_/_/_/
 :: Spring Boot ::                (v3.2.5)

2024-08-24T15:01:32.489+02:00  INFO 18048 --- [           main] s.p.ProductShopClientApplicationTests    : Starting ProductShopClientApplicationTests using Java 17.0.2 with PID 18048 (started by matte in C:\Users\matte\OneDrive\Desktop\Sistemi cloud\Progetto completo\product-shop-client-main\product-shop-client)
2024-08-24T15:01:32.498+02:00  INFO 18048 --- [           main] s.p.ProductShopClientApplicationTests    : No active profile set, falling back to 1 default profile: "default"
go to closed
2024-08-24T15:01:37.555+02:00  INFO 18048 --- [           main] s.p.ProductShopClientApplicationTests    : Started ProductShopClientApplicationTests in 14.073 seconds (process running for 27.57)
]]></system-out>
  </testcase>
</testsuite>