<?xml version="1.0" encoding="UTF-8"?>
<testsuite xmlns:xsi="http://www.w3.org/2001/XMLSchema-instance" xsi:noNamespaceSchemaLocation="https://maven.apache.org/surefire/maven-surefire-plugin/xsd/surefire-test-report-3.0.xsd" version="3.0" name="shop.productshopserver.ProductShopServerApplicationTests" time="11.158" tests="1" errors="0" skipped="0" failures="0">
  <properties>
[...]
</properties>
  <testcase name="contextLoads" classname="shop.productshopserver.ProductShopServerApplicationTests" time="4.167">
    <system-out><![CDATA[15:01:40.074 [main] INFO org.springframework.test.context.support.AnnotationConfigContextLoaderUtils -- Could not detect default configuration classes for test class [shop.productshopserver.ProductShopServerApplicationTests]: ProductShopServerApplicationTests does not declare any static, non-private, non-final, nested classes annotated with @Configuration.
15:01:40.409 [main] INFO org.springframework.boot.test.context.SpringBootTestContextBootstrapper -- Found @SpringBootConfiguration shop.productshopserver.ProductShopServerApplication for test class shop.productshopserver.ProductShopServerApplicationTests

  .   ____          _            __ _ _
 /\\ / ___'_ __ _ _(_)_ __  __ _ \ \ \ \
( ( )\___ | '_ | '_| | '_ \/ _` | \ \ \ \
 \\/  ___)| |_)| | | | | || (_| |  ) ) ) )
  '  |____| .__|_| |_|_| |_\__, | / / / /
 =========|_|==============|___/=/_/_/_/
 :: Spring Boot ::                (v3.2.5)

2024-08-24T15:01:41.758+02:00  INFO 2016 --- [           main] s.p.ProductShopServerApplicationTests    : Starting ProductShopServerApplicationTests using Java 17.0.2 with PID 2016 (started by matte in C:\Users\matte\OneDrive\Desktop\Sistemi cloud\Progetto completo\product-shop-server-main\product-shop-server)
2024-08-24T15:01:41.763+02:00  INFO 2016 --- [           main] s.p.ProductShopServerApplicationTests    : No active profile set, falling back to 1 default profile: "default"
2024-08-24T15:01:46.233+02:00  INFO 2016 --- [           main] s.p.ProductShopServerApplicationTests    : Started ProductShopServerApplicationTests in 5.428 seconds (process running for 9.894)
]]></system-out>
  </testcase>
</testsuite>